<?xml version="1.0" encoding="UTF-8"?>
<testng-results ignored="0" total="1" passed="1" failed="0" skipped="0">
  <reporter-output>
  </reporter-output>
  <suite started-at="2021-03-02T03:50:06Z" name="Default suite" finished-at="2021-03-02T03:50:46Z" duration-ms="39508">
    <groups>
    </groups>
    <test started-at="2021-03-02T03:50:06Z" name="Default test" finished-at="2021-03-02T03:50:46Z" duration-ms="39508">
      <class name="com.sr.TestScript.Villa_Booking">
        <test-method is-config="true" signature="openapp()[pri:0, instance:com.sr.TestScript.Villa_Booking@10d68fcd]" started-at="2021-03-02T03:50:06Z" name="openapp" finished-at="2021-03-02T03:50:25Z" duration-ms="19244" status="PASS">
          <reporter-output>
          </reporter-output>
        </test-method> <!-- openapp -->
        <test-method signature="villabooking()[pri:0, instance:com.sr.TestScript.Villa_Booking@10d68fcd]" started-at="2021-03-02T03:50:25Z" name="villabooking" finished-at="2021-03-02T03:50:43Z" duration-ms="17866" status="PASS">
          <reporter-output>
          </reporter-output>
        </test-method> <!-- villabooking -->
        <test-method is-config="true" signature="closeapp(org.testng.ITestResult)[pri:0, instance:com.sr.TestScript.Villa_Booking@10d68fcd]" started-at="2021-03-02T03:50:43Z" name="closeapp" finished-at="2021-03-02T03:50:46Z" duration-ms="2307" status="PASS">
          <params>
            <param index="0">
              <value>
                <![CDATA[[TestResult name=villabooking status=SUCCESS method=Villa_Booking.villabooking()[pri:0, instance:com.sr.TestScript.Villa_Booking@10d68fcd] output={null}]]]>
              </value>
            </param>
          </params>
          <reporter-output>
          </reporter-output>
        </test-method> <!-- closeapp -->
      </class> <!-- com.sr.TestScript.Villa_Booking -->
    </test> <!-- Default test -->
  </suite> <!-- Default suite -->
</testng-results>
